<?xml version="1.0" encoding="UTF-8"?>
<!-- Generated by org.testng.reporters.JUnitReportReporter -->
<testsuite hostname="LAPTOP-4OB0QS37" failures="0" tests="2" name="Medicare_Test.LoginTest" time="36.133" errors="0" timestamp="17 Aug 2025 07:10:01 GMT" skipped="0">
  <testcase classname="Medicare_Test.LoginTest" name="LoginSuccessTestWithCorrectCred" time="19.133"/>
  <testcase classname="Medicare_Test.LoginTest" name="LoginFailiureTestWithIncorrectCred" time="17.000"/>
</testsuite> <!-- Medicare_Test.LoginTest -->
