<?xml version="1.0" encoding="UTF-8"?>
<!-- Generated by org.testng.reporters.JUnitReportReporter -->
<testsuite hostname="LAPTOP-4OB0QS37" failures="0" tests="1" name="Medicare_Test.SignUpTest" time="33.409" errors="0" timestamp="14 Sept 2025 14:21:02 GMT" skipped="0">
  <testcase classname="Medicare_Test.SignUpTest" name="SignUpSuccessValidation" time="33.409"/>
</testsuite> <!-- Medicare_Test.SignUpTest -->
