<?xml version="1.0" encoding="UTF-8"?>
<!-- Generated by org.testng.reporters.JUnitReportReporter -->
<testsuite hostname="LAPTOP-4OB0QS37" failures="0" tests="2" name="Medicare_Test.LoginTest" time="38.566" errors="0" timestamp="14 Sept 2025 14:21:02 GMT" skipped="0">
  <testcase classname="Medicare_Test.LoginTest" name="LoginSuccessTestWithCorrectCred" time="17.835"/>
  <testcase classname="Medicare_Test.LoginTest" name="LoginFailiureTestWithIncorrectCred" time="20.731"/>
</testsuite> <!-- Medicare_Test.LoginTest -->
