<?xml version="1.0" encoding="UTF-8"?>
<!-- Generated by org.testng.reporters.JUnitReportReporter -->
<testsuite hostname="LAPTOP-4OB0QS37" failures="0" tests="2" name="Medicare_Test.ProductTest" time="83.489" errors="0" timestamp="17 Aug 2025 07:10:01 GMT" skipped="0">
  <testcase classname="Medicare_Test.ProductTest" name="MultipleProdAddtoCartTest" time="49.124"/>
  <testcase classname="Medicare_Test.ProductTest" name="SingleProdAddtoCartTest" time="34.365"/>
</testsuite> <!-- Medicare_Test.ProductTest -->
