<?xml version="1.0" encoding="UTF-8"?>
<!-- Generated by org.testng.reporters.JUnitReportReporter -->
<testsuite hostname="LAPTOP-4OB0QS37" failures="0" tests="2" name="Medicare_Test.ProductTest" time="87.825" errors="0" timestamp="14 Sept 2025 14:21:02 GMT" skipped="0">
  <testcase classname="Medicare_Test.ProductTest" name="SingleProdAddtoCartTest" time="34.368"/>
  <testcase classname="Medicare_Test.ProductTest" name="MultipleProdAddtoCartTest" time="53.457"/>
</testsuite> <!-- Medicare_Test.ProductTest -->
