<?xml version="1.0" encoding="UTF-8"?>
<!-- Generated by org.testng.reporters.JUnitReportReporter -->
<testsuite hostname="LAPTOP-4OB0QS37" failures="0" tests="2" name="Medicare_Test.LoginTest" time="91.295" errors="0" timestamp="14 Sep 2025 14:33:15 GMT" skipped="0">
  <testcase classname="Medicare_Test.LoginTest" name="LoginSuccessTestWithCorrectCred" time="73.696"/>
  <testcase classname="Medicare_Test.LoginTest" name="LoginFailiureTestWithIncorrectCred" time="17.599"/>
</testsuite> <!-- Medicare_Test.LoginTest -->
