<?xml version="1.0" encoding="UTF-8"?>
<!-- Generated by org.testng.reporters.JUnitReportReporter -->
<testsuite hostname="LAPTOP-4OB0QS37" failures="0" tests="2" name="Medicare_Test.ProductTest" time="86.624" errors="0" timestamp="14 Sep 2025 14:33:15 GMT" skipped="0">
  <testcase classname="Medicare_Test.ProductTest" name="SingleProdAddtoCartTest" time="35.141"/>
  <testcase classname="Medicare_Test.ProductTest" name="MultipleProdAddtoCartTest" time="51.483"/>
</testsuite> <!-- Medicare_Test.ProductTest -->
